\BOOKMARK [1][-]{section*.2}{\376\377\000I\000n\000t\000r\000o\000d\000u\000c\000t\000i\000o\000n}{}% 1
\BOOKMARK [2][-]{section*.3}{\376\377\000A\000n\000a\000l\000y\000s\000i\000s\000\040\000P\000r\000o\000b\000l\000e\000m}{section*.2}% 2
\BOOKMARK [2][-]{section*.4}{\376\377\000D\000a\000t\000a}{section*.2}% 3
\BOOKMARK [2][-]{section*.5}{\376\377\000S\000o\000u\000r\000c\000e}{section*.2}% 4
\BOOKMARK [1][-]{section*.6}{\376\377\000A\000n\000a\000l\000y\000s\000i\000s}{}% 5
\BOOKMARK [2][-]{section*.7}{\376\377\000D\000a\000t\000a\000\040\000p\000r\000e\000p\000r\000e\000o\000c\000e\000s\000s\000i\000n\000g}{section*.6}% 6
\BOOKMARK [2][-]{section*.8}{\376\377\000B\000a\000y\000e\000s\000i\000a\000n\000\040\000v\000s\000.\000\040\000F\000r\000e\000q\000u\000e\000n\000t\000i\000s\000t}{section*.6}% 7
\BOOKMARK [3][-]{section*.9}{\376\377\000M\000o\000d\000e\000l\000\040\000d\000e\000s\000c\000r\000i\000p\000t\000i\000o\000n}{section*.8}% 8
\BOOKMARK [3][-]{section*.10}{\376\377\000P\000r\000i\000o\000r\000\040\000c\000h\000o\000i\000c\000e\000s}{section*.8}% 9
\BOOKMARK [3][-]{section*.11}{\376\377\000F\000r\000e\000q\000u\000e\000n\000t\000i\000s\000t\000\040\000a\000p\000p\000r\000o\000a\000c\000h}{section*.8}% 10
\BOOKMARK [3][-]{section*.12}{\376\377\000B\000a\000y\000e\000s\000i\000a\000n\000\040\000a\000p\000p\000r\000o\000a\000c\000h\000\040\000u\000s\000i\000n\000g\000\040\000S\000t\000a\000n}{section*.8}% 11
\BOOKMARK [3][-]{section*.13}{\376\377\000C\000o\000m\000p\000a\000r\000i\000s\000o\000n\000\040\000b\000e\000t\000w\000e\000e\000n\000\040\000f\000r\000e\000q\000u\000e\000n\000t\000i\000s\000t\000\040\000a\000n\000d\000\040\000b\000a\000y\000e\000s\000i\000a\000n\000\040\000a\000p\000p\000r\000o\000a\000c\000h}{section*.8}% 12
\BOOKMARK [2][-]{section*.14}{\376\377\000P\000a\000r\000a\000m\000e\000t\000e\000r\000\040\000s\000e\000l\000e\000c\000t\000i\000o\000n}{section*.6}% 13
\BOOKMARK [3][-]{section*.15}{\376\377\000D\000a\000t\000a\000\040\000l\000o\000a\000d\000i\000n\000g}{section*.14}% 14
\BOOKMARK [3][-]{section*.16}{\376\377\000F\000u\000l\000l\000\040\000l\000o\000g\000i\000s\000t\000i\000c\000\040\000r\000e\000g\000r\000e\000s\000s\000i\000o\000n\000\040\000m\000o\000d\000e\000l}{section*.14}% 15
\BOOKMARK [3][-]{section*.17}{\376\377\000S\000t\000a\000n\000\040\000C\000o\000d\000e\000\040\000R\000u\000n\000n\000i\000n\000g}{section*.14}% 16
\BOOKMARK [3][-]{section*.18}{\376\377\000V\000a\000r\000i\000a\000b\000l\000e\000\040\000s\000e\000l\000e\000c\000t\000i\000o\000n}{section*.14}% 17
\BOOKMARK [3][-]{section*.19}{\376\377\000F\000u\000l\000l\000\040\000l\000o\000g\000i\000s\000t\000i\000c\000\040\000r\000e\000g\000r\000e\000s\000s\000i\000o\000n\000\040\000m\000o\000d\000e\000l}{section*.14}% 18
\BOOKMARK [3][-]{section*.20}{\376\377\000R\000e\000d\000u\000c\000e\000d\000\040\000l\000o\000g\000i\000s\000t\000i\000c\000\040\000r\000e\000g\000r\000e\000s\000s\000i\000o\000n\000\040\000m\000o\000d\000e\000l}{section*.14}% 19
\BOOKMARK [3][-]{section*.21}{\376\377\000S\000t\000a\000n\000\040\000C\000o\000d\000e\000\040\000R\000u\000n\000n\000i\000n\000g}{section*.14}% 20
\BOOKMARK [2][-]{section*.22}{\376\377\000C\000o\000n\000v\000e\000r\000g\000e\000n\000c\000e\000\040\000a\000n\000d\000\040\000e\000f\000f\000i\000c\000i\000e\000n\000c\000y\000\040\000a\000n\000a\000l\000y\000s\000i\000s}{section*.6}% 21
\BOOKMARK [3][-]{section*.23}{\376\377\000R\000-\000h\000a\000t}{section*.22}% 22
\BOOKMARK [3][-]{section*.24}{\376\377\000H\000M\000C}{section*.22}% 23
\BOOKMARK [3][-]{section*.25}{\376\377\000E\000S\000S}{section*.22}% 24
\BOOKMARK [2][-]{section*.26}{\376\377\000M\000o\000d\000e\000l\000\040\000c\000o\000m\000p\000a\000r\000i\000s\000o\000n}{section*.6}% 25
\BOOKMARK [2][-]{section*.27}{\376\377\000S\000e\000n\000s\000i\000t\000i\000v\000i\000t\000y\000\040\000a\000n\000a\000l\000y\000s\000i\000s}{section*.6}% 26
\BOOKMARK [2][-]{section*.28}{\376\377\000P\000r\000e\000d\000i\000c\000t\000i\000v\000e\000\040\000c\000h\000e\000c\000k\000i\000n\000g}{section*.6}% 27
\BOOKMARK [2][-]{section*.29}{\376\377\000A\000g\000e\000\040\000p\000r\000e\000d\000i\000c\000t\000i\000o\000n}{section*.6}% 28
\BOOKMARK [1][-]{section*.30}{\376\377\000C\000o\000n\000c\000l\000u\000s\000i\000o\000n\000s}{}% 29
\BOOKMARK [2][-]{section*.31}{\376\377\000P\000r\000o\000b\000l\000e\000m\000s\000\040\000e\000n\000c\000o\000u\000n\000t\000e\000r\000e\000d}{section*.30}% 30
\BOOKMARK [2][-]{section*.32}{\376\377\000P\000o\000t\000e\000n\000t\000i\000a\000l\000\040\000i\000m\000p\000r\000o\000v\000e\000m\000e\000n\000t\000s}{section*.30}% 31
